{"level":"error","message":"Operation `usuarios.insertOne()` buffering timed out after 10000ms","timestamp":"2023-07-04T21:01:07.555Z"}
{"level":"error","message":"Debe iniciar sesión nuevamente","timestamp":"2023-07-05T20:10:52.779Z"}
{"level":"error","message":"Debe iniciar sesión nuevamente","timestamp":"2023-07-05T20:10:52.800Z"}
{"level":"error","message":"Debe iniciar sesión nuevamente","timestamp":"2023-07-05T20:10:52.830Z"}
{"level":"error","message":"Debe iniciar sesión nuevamente","timestamp":"2023-07-05T20:10:52.842Z"}
{"level":"error","message":"Debe iniciar sesión nuevamente","timestamp":"2023-07-05T20:10:52.854Z"}
{"level":"error","message":"E11000 duplicate key error collection: test.usuarios index: email_1 dup key: { email: \"hio@hohtml.cpm\" }","timestamp":"2023-07-09T14:01:34.187Z"}
{"level":"error","message":"E11000 duplicate key error collection: test.usuarios index: email_1 dup key: { email: \"hio@hohtml.cpm\" }","timestamp":"2023-07-09T14:01:55.818Z"}
{"level":"error","message":"E11000 duplicate key error collection: test.usuarios index: email_1 dup key: { email: \"hio@hohtml.cpm\" }","timestamp":"2023-07-09T14:09:19.607Z"}
{"level":"error","message":"E11000 duplicate key error collection: test.usuarios index: email_1 dup key: { email: \"hio@hohtml.cpm\" }","timestamp":"2023-07-09T14:19:38.693Z"}
{"level":"error","message":"E11000 duplicate key error collection: test.usuarios index: email_1 dup key: { email: \"hio@hohtml.cpm\" }","timestamp":"2023-07-09T14:21:17.843Z"}
{"level":"error","message":"E11000 duplicate key error collection: test.usuarios index: email_1 dup key: { email: \"hio@hohtml.cpm\" }","timestamp":"2023-07-09T14:33:46.441Z"}
{"level":"error","message":"E11000 duplicate key error collection: test.usuarios index: email_1 dup key: { email: \"hio@hohtml.cpm\" }","timestamp":"2023-07-09T14:42:16.591Z"}
{"level":"error","message":"El usuario con ese mail, ya se encuentra registrado","timestamp":"2023-07-09T14:45:48.036Z"}
{"level":"error","message":"El usuario con ese mail, ya se encuentra registrado","timestamp":"2023-07-09T14:46:44.217Z"}
{"level":"error","message":"El usuario con ese mail, ya se encuentra registrado","timestamp":"2023-07-09T14:47:37.621Z"}
{"level":"error","message":"El usuario con ese mail, ya se encuentra registrado","timestamp":"2023-07-09T14:48:02.012Z"}
{"level":"error","message":"El usuario con ese mail, ya se encuentra registrado","timestamp":"2023-07-09T14:48:16.228Z"}
{"level":"error","message":"El usuario con ese mail, ya se encuentra registrado","timestamp":"2023-07-09T14:48:30.117Z"}
{"level":"error","message":"El usuario con ese mail, ya se encuentra registrado","timestamp":"2023-07-09T14:49:27.235Z"}
{"level":"error","message":"El usuario con ese mail, ya se encuentra registrado","timestamp":"2023-07-09T14:49:45.376Z"}
{"level":"error","message":"El usuario con ese mail, ya se encuentra registrado","timestamp":"2023-07-09T14:49:55.121Z"}
{"level":"error","message":"El usuario con ese mail, ya se encuentra registrado","timestamp":"2023-07-09T14:50:17.554Z"}
{"level":"error","message":"El usuario con ese mail, ya se encuentra registrado","timestamp":"2023-07-09T14:52:31.953Z"}
{"level":"error","message":"El usuario con ese mail, ya se encuentra registrado","timestamp":"2023-07-09T14:53:23.932Z"}
{"level":"error","message":"Debe iniciar sesión nuevamente","timestamp":"2023-07-09T14:54:32.345Z"}
{"level":"error","message":"Debe iniciar sesión nuevamente","timestamp":"2023-07-09T14:54:32.362Z"}
{"level":"error","message":"Debe iniciar sesión nuevamente","timestamp":"2023-07-09T14:54:32.378Z"}
{"level":"error","message":"Debe iniciar sesión nuevamente","timestamp":"2023-07-09T14:54:32.385Z"}
{"level":"error","message":"Debe iniciar sesión nuevamente","timestamp":"2023-07-09T14:54:32.392Z"}
{"level":"error","message":"El usuario con ese mail, ya se encuentra registrado","timestamp":"2023-07-09T14:54:32.639Z"}
{"level":"error","message":"Debe iniciar sesión nuevamente","timestamp":"2023-07-10T18:06:36.020Z"}
{"level":"error","message":"Debe iniciar sesión nuevamente","timestamp":"2023-07-10T18:06:36.038Z"}
{"level":"error","message":"Debe iniciar sesión nuevamente","timestamp":"2023-07-10T18:06:36.059Z"}
{"level":"error","message":"Debe iniciar sesión nuevamente","timestamp":"2023-07-10T18:06:36.066Z"}
{"level":"error","message":"Debe iniciar sesión nuevamente","timestamp":"2023-07-10T18:06:36.074Z"}
{"level":"error","message":"El usuario con ese mail, ya se encuentra registrado","timestamp":"2023-07-10T18:06:36.296Z"}
{"level":"error","message":"Debe iniciar sesión nuevamente","timestamp":"2023-07-10T18:13:46.014Z"}
{"level":"error","message":"Debe iniciar sesión nuevamente","timestamp":"2023-07-10T18:13:46.021Z"}
{"level":"error","message":"El usuario con ese mail, ya se encuentra registrado","timestamp":"2023-07-10T18:13:46.216Z"}
{"level":"error","message":"Debe iniciar sesión nuevamente","timestamp":"2023-07-10T18:14:16.974Z"}
{"level":"error","message":"Debe iniciar sesión nuevamente","timestamp":"2023-07-10T18:14:16.982Z"}
{"level":"error","message":"El usuario con ese mail, ya se encuentra registrado","timestamp":"2023-07-10T18:14:17.190Z"}
{"level":"error","message":"Cast to ObjectId failed for value \"1\" (type string) at path \"_id\" for model \"products\"","timestamp":"2023-07-10T18:14:54.345Z"}
{"level":"error","message":"Debe iniciar sesión nuevamente","timestamp":"2023-07-10T18:14:56.359Z"}
{"level":"error","message":"Debe iniciar sesión nuevamente","timestamp":"2023-07-10T18:14:56.365Z"}
{"level":"error","message":"El usuario con ese mail, ya se encuentra registrado","timestamp":"2023-07-10T18:14:56.563Z"}
{"level":"error","message":"Cast to ObjectId failed for value \"1\" (type string) at path \"_id\" for model \"products\"","timestamp":"2023-07-10T18:15:27.022Z"}
{"level":"error","message":"Debe iniciar sesión nuevamente","timestamp":"2023-07-10T18:15:29.045Z"}
{"level":"error","message":"Debe iniciar sesión nuevamente","timestamp":"2023-07-10T18:15:29.057Z"}
{"level":"error","message":"El usuario con ese mail, ya se encuentra registrado","timestamp":"2023-07-10T18:15:29.345Z"}
{"level":"error","message":"Cast to ObjectId failed for value \"1\" (type string) at path \"_id\" for model \"products\"","timestamp":"2023-07-10T18:19:15.379Z"}
{"level":"error","message":"Debe iniciar sesión nuevamente","timestamp":"2023-07-10T18:19:17.406Z"}
{"level":"error","message":"Debe iniciar sesión nuevamente","timestamp":"2023-07-10T18:19:17.415Z"}
{"level":"error","message":"El usuario con ese mail, ya se encuentra registrado","timestamp":"2023-07-10T18:19:17.737Z"}
{"level":"error","message":"Cast to ObjectId failed for value \"1\" (type string) at path \"_id\" for model \"products\"","timestamp":"2023-07-10T18:21:22.672Z"}
{"level":"error","message":"Debe iniciar sesión nuevamente","timestamp":"2023-07-10T18:21:22.680Z"}
{"level":"error","message":"Debe iniciar sesión nuevamente","timestamp":"2023-07-10T18:21:22.687Z"}
{"level":"error","message":"El usuario con ese mail, ya se encuentra registrado","timestamp":"2023-07-10T18:21:22.886Z"}
{"level":"error","message":"El usuario con ese mail, ya se encuentra registrado","timestamp":"2023-07-10T18:22:57.726Z"}
{"level":"error","message":"El usuario con ese mail, ya se encuentra registrado","timestamp":"2023-07-10T18:23:57.733Z"}
{"level":"error","message":"El usuario con ese mail, ya se encuentra registrado","timestamp":"2023-07-10T18:24:04.795Z"}
{"level":"error","message":"El usuario con ese mail, ya se encuentra registrado","timestamp":"2023-07-10T18:24:20.655Z"}
{"level":"error","message":"El usuario con ese mail, ya se encuentra registrado","timestamp":"2023-07-10T18:24:57.434Z"}
{"level":"error","message":"El usuario con ese mail, ya se encuentra registrado","timestamp":"2023-07-10T18:26:22.688Z"}
{"level":"error","message":"El usuario con ese mail, ya se encuentra registrado","timestamp":"2023-07-10T18:27:54.595Z"}
{"level":"error","message":"El usuario con ese mail, ya se encuentra registrado","timestamp":"2023-07-10T18:28:24.990Z"}
{"level":"error","message":"El usuario con ese mail, ya se encuentra registrado","timestamp":"2023-07-10T18:28:38.123Z"}
{"level":"error","message":"El usuario con ese mail, ya se encuentra registrado","timestamp":"2023-07-10T18:29:11.081Z"}
{"level":"error","message":"ENOENT: no such file or directory, open 'C:\\Users\\USUARIO\\Desktop\\Backened\\src\\utils\\public\\img\\crimen.jpg'","timestamp":"2023-07-10T18:44:35.143Z"}
{"level":"error","message":"ENOENT: no such file or directory, open 'C:\\Users\\USUARIO\\Desktop\\Backened\\src\\utils\\public\\img\\crimen.jpg'","timestamp":"2023-07-10T18:45:24.678Z"}
{"level":"error","message":"ENOENT: no such file or directory, open 'C:\\Users\\USUARIO\\Desktop\\Backened\\src\\utils\\public\\img\\crimen.jpg'","timestamp":"2023-07-10T18:47:12.245Z"}
{"level":"error","message":"ENOENT: no such file or directory, open 'C:\\Users\\USUARIO\\Desktop\\Backened\\src\\utils\\public\\img\\crimen.jpg'","timestamp":"2023-07-10T18:48:31.401Z"}
{"level":"error","message":"ENOENT: no such file or directory, open 'C:\\Users\\USUARIO\\Desktop\\Backened\\src\\utils\\public\\img\\crimen.jpg'","timestamp":"2023-07-10T18:49:06.172Z"}
{"level":"error","message":"ENOENT: no such file or directory, open 'C:\\public\\img\\crimen.jpg'","timestamp":"2023-07-10T18:51:33.716Z"}
{"level":"error","message":"ENOENT: no such file or directory, open 'C:\\Users\\USUARIO\\Desktop\\Backened\\src\\utils\\public\\img\\crimen.jpg'","timestamp":"2023-07-10T18:51:58.769Z"}
{"level":"error","message":"Debe revisar la utilización de mongoose, o el modelo","timestamp":"2023-07-10T19:11:56.706Z"}
{"level":"error","message":"Debe revisar la utilización de mongoose, o el modelo","timestamp":"2023-07-10T19:12:41.804Z"}
{"level":"error","message":"Debe iniciar sesión nuevamente","timestamp":"2023-07-10T19:26:53.250Z"}
{"level":"error","message":"Cast to ObjectId failed for value \"undefined\" (type string) at path \"_id\" for model \"products\"","timestamp":"2023-07-10T19:33:38.238Z"}
{"level":"error","message":"Cast to ObjectId failed for value \"undefined\" (type string) at path \"_id\" for model \"products\"","timestamp":"2023-07-10T19:33:38.249Z"}
{"level":"error","message":"Cast to ObjectId failed for value \"undefined\" (type string) at path \"_id\" for model \"products\"","timestamp":"2023-07-10T19:39:22.977Z"}
{"level":"error","message":"Cast to ObjectId failed for value \"undefined\" (type string) at path \"_id\" for model \"products\"","timestamp":"2023-07-10T19:39:22.989Z"}
{"level":"error","message":"Cast to ObjectId failed for value \"undefined\" (type string) at path \"_id\" for model \"products\"","timestamp":"2023-07-10T19:39:22.998Z"}
{"level":"error","message":"Cast to ObjectId failed for value \"undefined\" (type string) at path \"_id\" for model \"products\"","timestamp":"2023-07-10T19:39:32.503Z"}
{"level":"error","message":"Cast to ObjectId failed for value \"undefined\" (type string) at path \"_id\" for model \"products\"","timestamp":"2023-07-10T19:39:32.515Z"}
{"level":"error","message":"Cast to ObjectId failed for value \"undefined\" (type string) at path \"_id\" for model \"products\"","timestamp":"2023-07-10T19:39:32.525Z"}
{"level":"error","message":"Cast to ObjectId failed for value \"undefined\" (type string) at path \"_id\" for model \"products\"","timestamp":"2023-07-10T21:20:42.548Z"}
{"level":"error","message":"Cast to ObjectId failed for value \"undefined\" (type string) at path \"_id\" for model \"products\"","timestamp":"2023-07-10T21:20:42.558Z"}
{"level":"error","message":"Cannot read properties of null (reading '_id')","timestamp":"2023-07-10T21:24:50.606Z"}
{"level":"error","message":"Cannot read properties of null (reading '_id')","timestamp":"2023-07-10T21:25:31.449Z"}
{"level":"error","message":"Cannot read properties of null (reading '_id')","timestamp":"2023-07-10T21:25:50.129Z"}
{"level":"error","message":"Cannot read properties of null (reading '_id')","timestamp":"2023-07-10T21:25:58.821Z"}
{"level":"error","message":"Cannot read properties of null (reading '_id')","timestamp":"2023-07-10T21:26:32.204Z"}
{"level":"error","message":"Cannot read properties of null (reading '_id')","timestamp":"2023-07-10T21:27:15.685Z"}
{"level":"error","message":"Cannot read properties of null (reading '_id')","timestamp":"2023-07-10T21:27:27.250Z"}
{"level":"error","message":"Cannot read properties of null (reading '_id')","timestamp":"2023-07-10T21:27:32.265Z"}
{"level":"error","message":"Cannot read properties of null (reading '_id')","timestamp":"2023-07-10T21:28:22.377Z"}
{"level":"error","message":"Cannot read properties of null (reading '_id')","timestamp":"2023-07-10T21:28:24.956Z"}
{"level":"error","message":"Cannot read properties of null (reading '_id')","timestamp":"2023-07-10T21:28:32.652Z"}
{"level":"error","message":"Cannot read properties of undefined (reading 'length')","timestamp":"2023-07-10T21:30:55.667Z"}
{"level":"error","message":"Cannot read properties of undefined (reading 'length')","timestamp":"2023-07-10T21:33:52.926Z"}
{"level":"error","message":"Cannot read properties of null (reading 'password')","timestamp":"2023-07-10T21:34:12.395Z"}
{"level":"error","message":"El usuario con ese mail, ya se encuentra registrado","timestamp":"2023-07-10T21:34:12.482Z"}
{"level":"error","message":"El usuario con ese mail, ya se encuentra registrado","timestamp":"2023-07-10T21:34:15.901Z"}
{"level":"error","message":"El usuario con ese mail, ya se encuentra registrado","timestamp":"2023-07-10T22:20:50.598Z"}
